<?xml version="1.0" encoding="UTF-8"?>
<!-- Generated by org.testng.reporters.JUnitReportReporter -->
<testsuite skipped="0" hostname="DESKTOP-GP6I1F7" name="MiniProject.Flipkart.com.FlipkartTestClass" tests="12" failures="0" timestamp="30 Jul 2020 14:08:40 GMT" time="43.677" errors="0">
  <testcase name="loginTest" time="2.423" classname="MiniProject.Flipkart.com.FlipkartTestClass"/>
  <testcase name="titileTest" time="0.018" classname="MiniProject.Flipkart.com.FlipkartTestClass"/>
  <testcase name="searchBarTest" time="0.149" classname="MiniProject.Flipkart.com.FlipkartTestClass"/>
  <testcase name="HeadImageTest" time="0.082" classname="MiniProject.Flipkart.com.FlipkartTestClass"/>
  <testcase name="searchTVtest" time="5.721" classname="MiniProject.Flipkart.com.FlipkartTestClass"/>
  <testcase name="addFirstTvTest" time="14.035" classname="MiniProject.Flipkart.com.FlipkartTestClass"/>
  <testcase name="addSecondTvTest" time="10.460" classname="MiniProject.Flipkart.com.FlipkartTestClass"/>
  <testcase name="displayFirstAmount" time="0.345" classname="MiniProject.Flipkart.com.FlipkartTestClass"/>
  <testcase name="searchAcTest" time="2.482" classname="MiniProject.Flipkart.com.FlipkartTestClass"/>
  <testcase name="addACtest" time="7.352" classname="MiniProject.Flipkart.com.FlipkartTestClass"/>
  <testcase name="DisplayTotalamount" time="0.157" classname="MiniProject.Flipkart.com.FlipkartTestClass"/>
  <testcase name="ScreenshotTest" time="0.453" classname="MiniProject.Flipkart.com.FlipkartTestClass"/>
</testsuite> <!-- MiniProject.Flipkart.com.FlipkartTestClass -->
